Performing C SOURCE FILE Test CMAKE_HAVE_LIBC_PTHREAD failed with the following output:
Change Dir: /share/lidar2camera/joint_calib/tool/LidarCircleDetect/build/CMakeFiles/CMakeTmp

Run Build Command(s):/usr/bin/make -f Makefile cmTC_97c6d/fast && /usr/bin/make  -f CMakeFiles/cmTC_97c6d.dir/build.make CMakeFiles/cmTC_97c6d.dir/build
make[1]: Entering directory '/share/lidar2camera/joint_calib/tool/LidarCircleDetect/build/CMakeFiles/CMakeTmp'
Building C object CMakeFiles/cmTC_97c6d.dir/src.c.o
/usr/bin/cc -DCMAKE_HAVE_LIBC_PTHREAD  -fPIC  -o CMakeFiles/cmTC_97c6d.dir/src.c.o -c /share/lidar2camera/joint_calib/tool/LidarCircleDetect/build/CMakeFiles/CMakeTmp/src.c
Linking C executable cmTC_97c6d
/usr/local/lib/python3.5/dist-packages/cmake/data/bin/cmake -E cmake_link_script CMakeFiles/cmTC_97c6d.dir/link.txt --verbose=1
/usr/bin/cc -fPIC  CMakeFiles/cmTC_97c6d.dir/src.c.o -o cmTC_97c6d 
CMakeFiles/cmTC_97c6d.dir/src.c.o: In function `main':
src.c:(.text+0x3e): undefined reference to `pthread_create'
src.c:(.text+0x4a): undefined reference to `pthread_detach'
src.c:(.text+0x56): undefined reference to `pthread_cancel'
src.c:(.text+0x67): undefined reference to `pthread_join'
src.c:(.text+0x7b): undefined reference to `pthread_atfork'
collect2: error: ld returned 1 exit status
CMakeFiles/cmTC_97c6d.dir/build.make:98: recipe for target 'cmTC_97c6d' failed
make[1]: *** [cmTC_97c6d] Error 1
make[1]: Leaving directory '/share/lidar2camera/joint_calib/tool/LidarCircleDetect/build/CMakeFiles/CMakeTmp'
Makefile:127: recipe for target 'cmTC_97c6d/fast' failed
make: *** [cmTC_97c6d/fast] Error 2


Source file was:
#include <pthread.h>

static void* test_func(void* data)
{
  return data;
}

int main(void)
{
  pthread_t thread;
  pthread_create(&thread, NULL, test_func, NULL);
  pthread_detach(thread);
  pthread_cancel(thread);
  pthread_join(thread, NULL);
  pthread_atfork(NULL, NULL, NULL);
  pthread_exit(NULL);

  return 0;
}

Determining if the function pthread_create exists in the pthreads failed with the following output:
Change Dir: /share/lidar2camera/joint_calib/tool/LidarCircleDetect/build/CMakeFiles/CMakeTmp

Run Build Command(s):/usr/bin/make -f Makefile cmTC_a7610/fast && /usr/bin/make  -f CMakeFiles/cmTC_a7610.dir/build.make CMakeFiles/cmTC_a7610.dir/build
make[1]: Entering directory '/share/lidar2camera/joint_calib/tool/LidarCircleDetect/build/CMakeFiles/CMakeTmp'
Building C object CMakeFiles/cmTC_a7610.dir/CheckFunctionExists.c.o
/usr/bin/cc   -fPIC -DCHECK_FUNCTION_EXISTS=pthread_create -o CMakeFiles/cmTC_a7610.dir/CheckFunctionExists.c.o -c /usr/local/lib/python3.5/dist-packages/cmake/data/share/cmake-3.21/Modules/CheckFunctionExists.c
Linking C executable cmTC_a7610
/usr/local/lib/python3.5/dist-packages/cmake/data/bin/cmake -E cmake_link_script CMakeFiles/cmTC_a7610.dir/link.txt --verbose=1
/usr/bin/cc -fPIC -DCHECK_FUNCTION_EXISTS=pthread_create CMakeFiles/cmTC_a7610.dir/CheckFunctionExists.c.o -o cmTC_a7610  -lpthreads 
/usr/bin/ld: cannot find -lpthreads
collect2: error: ld returned 1 exit status
CMakeFiles/cmTC_a7610.dir/build.make:98: recipe for target 'cmTC_a7610' failed
make[1]: *** [cmTC_a7610] Error 1
make[1]: Leaving directory '/share/lidar2camera/joint_calib/tool/LidarCircleDetect/build/CMakeFiles/CMakeTmp'
Makefile:127: recipe for target 'cmTC_a7610/fast' failed
make: *** [cmTC_a7610/fast] Error 2



